<?xml version="1.0" encoding="UTF-8"?>
<!-- Generated by org.testng.reporters.JUnitReportReporter -->
<testsuite hostname="HaWk" name="com.frmwrk.test.RunTestNGTest" tests="1" failures="0" timestamp="13 Jan 2018 07:54:16 GMT" time="0.485" errors="0">
  <testcase name="Execute_test" time="0.485" classname="com.frmwrk.test.RunTestNGTest"/>
</testsuite> <!-- com.frmwrk.test.RunTestNGTest -->
